# JRE version: OpenJDK Runtime Environment (8.0_202-b03) (build 1.8.0_202-release-1483-b03)
# Java VM: OpenJDK 64-Bit Server VM (25.202-b03 mixed mode windows-amd64 compressed oops)
Heap:
 PSYoungGen      total 317440K, used 277593K [0x00000000e0000000, 0x0000000100000000, 0x0000000100000000)
  eden space 190464K, 79% used [0x00000000e0000000,0x00000000e9366678,0x00000000eba00000)
  from space 126976K, 99% used [0x00000000eba00000,0x00000000f35afea8,0x00000000f3600000)
  to   space 174592K, 0% used [0x00000000f5580000,0x00000000f5580000,0x0000000100000000)
 ParOldGen       total 428544K, used 273590K [0x00000000a0000000, 0x00000000ba280000, 0x00000000e0000000)
  object space 428544K, 63% used [0x00000000a0000000,0x00000000b0b2da90,0x00000000ba280000)
 Metaspace       used 153770K, capacity 160336K, committed 160472K, reserved 1189888K
  class space    used 19062K, capacity 20394K, committed 20480K, reserved 1048576K
GC Heap History (10 events):
Event: 11667.657 GC heap before
{Heap before GC invocations=75 (full 8):
 PSYoungGen      total 390656K, used 343982K [0x00000000e0000000, 0x00000000fdb80000, 0x0000000100000000)
  eden space 299520K, 100% used [0x00000000e0000000,0x00000000f2480000,0x00000000f2480000)
  from space 91136K, 48% used [0x00000000f8280000,0x00000000fadebb78,0x00000000fdb80000)
  to   space 93696K, 0% used [0x00000000f2480000,0x00000000f2480000,0x00000000f8000000)
 ParOldGen       total 428544K, used 211105K [0x00000000a0000000, 0x00000000ba280000, 0x00000000e0000000)
  object space 428544K, 49% used [0x00000000a0000000,0x00000000ace284b0,0x00000000ba280000)
 Metaspace       used 142959K, capacity 148520K, committed 148824K, reserved 1179648K
  class space    used 17567K, capacity 18744K, committed 18816K, reserved 1048576K
Event: 11667.912 GC heap after
Heap after GC invocations=75 (full 8):
 PSYoungGen      total 393216K, used 93664K [0x00000000e0000000, 0x0000000100000000, 0x0000000100000000)
  eden space 299520K, 0% used [0x00000000e0000000,0x00000000e0000000,0x00000000f2480000)
  from space 93696K, 99% used [0x00000000f2480000,0x00000000f7ff8180,0x00000000f8000000)
  to   space 131072K, 0% used [0x00000000f8000000,0x00000000f8000000,0x0000000100000000)
 ParOldGen       total 428544K, used 273560K [0x00000000a0000000, 0x00000000ba280000, 0x00000000e0000000)
  object space 428544K, 63% used [0x00000000a0000000,0x00000000b0b26020,0x00000000ba280000)
 Metaspace       used 142959K, capacity 148520K, committed 148824K, reserved 1179648K
  class space    used 17567K, capacity 18744K, committed 18816K, reserved 1048576K
}
Event: 11681.694 GC heap before
{Heap before GC invocations=76 (full 8):
 PSYoungGen      total 393216K, used 393184K [0x00000000e0000000, 0x0000000100000000, 0x0000000100000000)
  eden space 299520K, 100% used [0x00000000e0000000,0x00000000f2480000,0x00000000f2480000)
  from space 93696K, 99% used [0x00000000f2480000,0x00000000f7ff8180,0x00000000f8000000)
  to   space 131072K, 0% used [0x00000000f8000000,0x00000000f8000000,0x0000000100000000)
 ParOldGen       total 428544K, used 273564K [0x00000000a0000000, 0x00000000ba280000, 0x00000000e0000000)
  object space 428544K, 63% used [0x00000000a0000000,0x00000000b0b27030,0x00000000ba280000)
 Metaspace       used 145192K, capacity 150804K, committed 151256K, reserved 1181696K
  class space    used 17742K, capacity 18906K, committed 18944K, reserved 1048576K
Event: 11682.070 GC heap after
Heap after GC invocations=76 (full 8):
 PSYoungGen      total 366592K, used 99782K [0x00000000e0000000, 0x0000000100000000, 0x0000000100000000)
  eden space 235520K, 0% used [0x00000000e0000000,0x00000000e0000000,0x00000000ee600000)
  from space 131072K, 76% used [0x00000000f8000000,0x00000000fe171a78,0x0000000100000000)
  to   space 144384K, 0% used [0x00000000ee600000,0x00000000ee600000,0x00000000f7300000)
 ParOldGen       total 428544K, used 273572K [0x00000000a0000000, 0x00000000ba280000, 0x00000000e0000000)
  object space 428544K, 63% used [0x00000000a0000000,0x00000000b0b29030,0x00000000ba280000)
 Metaspace       used 145192K, capacity 150804K, committed 151256K, reserved 1181696K
  class space    used 17742K, capacity 18906K, committed 18944K, reserved 1048576K
}
Event: 11694.004 GC heap before
{Heap before GC invocations=77 (full 8):
 PSYoungGen      total 366592K, used 335302K [0x00000000e0000000, 0x0000000100000000, 0x0000000100000000)
  eden space 235520K, 100% used [0x00000000e0000000,0x00000000ee600000,0x00000000ee600000)
  from space 131072K, 76% used [0x00000000f8000000,0x00000000fe171a78,0x0000000100000000)
  to   space 144384K, 0% used [0x00000000ee600000,0x00000000ee600000,0x00000000f7300000)
 ParOldGen       total 428544K, used 273574K [0x00000000a0000000, 0x00000000ba280000, 0x00000000e0000000)
  object space 428544K, 63% used [0x00000000a0000000,0x00000000b0b29a90,0x00000000ba280000)
 Metaspace       used 145208K, capacity 150804K, committed 151256K, reserved 1181696K
  class space    used 17743K, capacity 18906K, committed 18944K, reserved 1048576K
Event: 11695.079 GC heap after
Heap after GC invocations=77 (full 8):
 PSYoungGen      total 345088K, used 109411K [0x00000000e0000000, 0x0000000100000000, 0x0000000100000000)
  eden space 235520K, 0% used [0x00000000e0000000,0x00000000e0000000,0x00000000ee600000)
  from space 109568K, 99% used [0x00000000ee600000,0x00000000f50d8ec0,0x00000000f5100000)
  to   space 156672K, 0% used [0x00000000f6700000,0x00000000f6700000,0x0000000100000000)
 ParOldGen       total 428544K, used 273582K [0x00000000a0000000, 0x00000000ba280000, 0x00000000e0000000)
  object space 428544K, 63% used [0x00000000a0000000,0x00000000b0b2ba90,0x00000000ba280000)
 Metaspace       used 145208K, capacity 150804K, committed 151256K, reserved 1181696K
  class space    used 17743K, capacity 18906K, committed 18944K, reserved 1048576K
}
Event: 11712.028 GC heap before
{Heap before GC invocations=78 (full 8):
 PSYoungGen      total 345088K, used 344931K [0x00000000e0000000, 0x0000000100000000, 0x0000000100000000)
  eden space 235520K, 100% used [0x00000000e0000000,0x00000000ee600000,0x00000000ee600000)
  from space 109568K, 99% used [0x00000000ee600000,0x00000000f50d8ec0,0x00000000f5100000)
  to   space 156672K, 0% used [0x00000000f6700000,0x00000000f6700000,0x0000000100000000)
 ParOldGen       total 428544K, used 273582K [0x00000000a0000000, 0x00000000ba280000, 0x00000000e0000000)
  object space 428544K, 63% used [0x00000000a0000000,0x00000000b0b2ba90,0x00000000ba280000)
 Metaspace       used 146086K, capacity 151704K, committed 151896K, reserved 1181696K
  class space    used 17863K, capacity 19008K, committed 19072K, reserved 1048576K
Event: 11712.643 GC heap after
Heap after GC invocations=78 (full 8):
 PSYoungGen      total 347136K, used 112909K [0x00000000e0000000, 0x0000000100000000, 0x0000000100000000)
  eden space 190464K, 0% used [0x00000000e0000000,0x00000000e0000000,0x00000000eba00000)
  from space 156672K, 72% used [0x00000000f6700000,0x00000000fd543618,0x0000000100000000)
  to   space 166912K, 0% used [0x00000000eba00000,0x00000000eba00000,0x00000000f5d00000)
 ParOldGen       total 428544K, used 273582K [0x00000000a0000000, 0x00000000ba280000, 0x00000000e0000000)
  object space 428544K, 63% used [0x00000000a0000000,0x00000000b0b2ba90,0x00000000ba280000)
 Metaspace       used 146086K, capacity 151704K, committed 151896K, reserved 1181696K
  class space    used 17863K, capacity 19008K, committed 19072K, reserved 1048576K
}
Event: 11726.614 GC heap before
{Heap before GC invocations=79 (full 8):
 PSYoungGen      total 347136K, used 303373K [0x00000000e0000000, 0x0000000100000000, 0x0000000100000000)
  eden space 190464K, 100% used [0x00000000e0000000,0x00000000eba00000,0x00000000eba00000)
  from space 156672K, 72% used [0x00000000f6700000,0x00000000fd543618,0x0000000100000000)
  to   space 166912K, 0% used [0x00000000eba00000,0x00000000eba00000,0x00000000f5d00000)
 ParOldGen       total 428544K, used 273582K [0x00000000a0000000, 0x00000000ba280000, 0x00000000e0000000)
  object space 428544K, 63% used [0x00000000a0000000,0x00000000b0b2ba90,0x00000000ba280000)
 Metaspace       used 150865K, capacity 157046K, committed 157144K, reserved 1185792K
  class space    used 18630K, capacity 19921K, committed 19968K, reserved 1048576K
Event: 11727.431 GC heap after
Heap after GC invocations=79 (full 8):
 PSYoungGen      total 317440K, used 126655K [0x00000000e0000000, 0x0000000100000000, 0x0000000100000000)
  eden space 190464K, 0% used [0x00000000e0000000,0x00000000e0000000,0x00000000eba00000)
  from space 126976K, 99% used [0x00000000eba00000,0x00000000f35afea8,0x00000000f3600000)
  to   space 174592K, 0% used [0x00000000f5580000,0x00000000f5580000,0x0000000100000000)
 ParOldGen       total 428544K, used 273590K [0x00000000a0000000, 0x00000000ba280000, 0x00000000e0000000)
  object space 428544K, 63% used [0x00000000a0000000,0x00000000b0b2da90,0x00000000ba280000)
 Metaspace       used 150865K, capacity 157046K, committed 157144K, reserved 1185792K
  class space    used 18630K, capacity 19921K, committed 19968K, reserved 1048576K
}

