# JRE version: OpenJDK Runtime Environment (8.0_202-b03) (build 1.8.0_202-release-1483-b03)
# Java VM: OpenJDK 64-Bit Server VM (25.202-b03 mixed mode windows-amd64 compressed oops)
Heap:
 PSYoungGen      total 455680K, used 147160K [0x00000000e0000000, 0x00000000ffd00000, 0x0000000100000000)
  eden space 397824K, 34% used [0x00000000e0000000,0x00000000e8458650,0x00000000f8480000)
  from space 57856K, 20% used [0x00000000f8480000,0x00000000f8fddc88,0x00000000fbd00000)
  to   space 54784K, 0% used [0x00000000fc780000,0x00000000fc780000,0x00000000ffd00000)
 ParOldGen       total 375296K, used 313489K [0x00000000a0000000, 0x00000000b6e80000, 0x00000000e0000000)
  object space 375296K, 83% used [0x00000000a0000000,0x00000000b3224510,0x00000000b6e80000)
 Metaspace       used 101539K, capacity 105754K, committed 106880K, reserved 1142784K
  class space    used 12974K, capacity 13819K, committed 14208K, reserved 1048576K
GC Heap History (10 events):
Event: 593.579 GC heap before
{Heap before GC invocations=38 (full 5):
 PSYoungGen      total 440832K, used 379325K [0x00000000e0000000, 0x00000000ff700000, 0x0000000100000000)
  eden space 372736K, 100% used [0x00000000e0000000,0x00000000f6c00000,0x00000000f6c00000)
  from space 68096K, 9% used [0x00000000fb480000,0x00000000fbaef7d0,0x00000000ff700000)
  to   space 71168K, 0% used [0x00000000f6c00000,0x00000000f6c00000,0x00000000fb180000)
 ParOldGen       total 375296K, used 278209K [0x00000000a0000000, 0x00000000b6e80000, 0x00000000e0000000)
  object space 375296K, 74% used [0x00000000a0000000,0x00000000b0fb0660,0x00000000b6e80000)
 Metaspace       used 101429K, capacity 105594K, committed 106880K, reserved 1142784K
  class space    used 12969K, capacity 13813K, committed 14208K, reserved 1048576K
Event: 593.607 GC heap after
Heap after GC invocations=38 (full 5):
 PSYoungGen      total 443904K, used 7259K [0x00000000e0000000, 0x00000000ffd00000, 0x0000000100000000)
  eden space 372736K, 0% used [0x00000000e0000000,0x00000000e0000000,0x00000000f6c00000)
  from space 71168K, 10% used [0x00000000f6c00000,0x00000000f7316f68,0x00000000fb180000)
  to   space 68096K, 0% used [0x00000000fba80000,0x00000000fba80000,0x00000000ffd00000)
 ParOldGen       total 375296K, used 283457K [0x00000000a0000000, 0x00000000b6e80000, 0x00000000e0000000)
  object space 375296K, 75% used [0x00000000a0000000,0x00000000b14d0458,0x00000000b6e80000)
 Metaspace       used 101429K, capacity 105594K, committed 106880K, reserved 1142784K
  class space    used 12969K, capacity 13813K, committed 14208K, reserved 1048576K
}
Event: 594.983 GC heap before
{Heap before GC invocations=39 (full 5):
 PSYoungGen      total 443904K, used 379995K [0x00000000e0000000, 0x00000000ffd00000, 0x0000000100000000)
  eden space 372736K, 100% used [0x00000000e0000000,0x00000000f6c00000,0x00000000f6c00000)
  from space 71168K, 10% used [0x00000000f6c00000,0x00000000f7316f68,0x00000000fb180000)
  to   space 68096K, 0% used [0x00000000fba80000,0x00000000fba80000,0x00000000ffd00000)
 ParOldGen       total 375296K, used 283457K [0x00000000a0000000, 0x00000000b6e80000, 0x00000000e0000000)
  object space 375296K, 75% used [0x00000000a0000000,0x00000000b14d0458,0x00000000b6e80000)
 Metaspace       used 101436K, capacity 105600K, committed 106880K, reserved 1142784K
  class space    used 12970K, capacity 13814K, committed 14208K, reserved 1048576K
Event: 595.041 GC heap after
Heap after GC invocations=39 (full 5):
 PSYoungGen      total 446976K, used 7379K [0x00000000e0000000, 0x00000000ff700000, 0x0000000100000000)
  eden space 385024K, 0% used [0x00000000e0000000,0x00000000e0000000,0x00000000f7800000)
  from space 61952K, 11% used [0x00000000fba80000,0x00000000fc1b4ce8,0x00000000ff700000)
  to   space 65024K, 0% used [0x00000000f7800000,0x00000000f7800000,0x00000000fb780000)
 ParOldGen       total 375296K, used 289375K [0x00000000a0000000, 0x00000000b6e80000, 0x00000000e0000000)
  object space 375296K, 77% used [0x00000000a0000000,0x00000000b1a97f00,0x00000000b6e80000)
 Metaspace       used 101436K, capacity 105600K, committed 106880K, reserved 1142784K
  class space    used 12970K, capacity 13814K, committed 14208K, reserved 1048576K
}
Event: 596.807 GC heap before
{Heap before GC invocations=40 (full 5):
 PSYoungGen      total 446976K, used 392403K [0x00000000e0000000, 0x00000000ff700000, 0x0000000100000000)
  eden space 385024K, 100% used [0x00000000e0000000,0x00000000f7800000,0x00000000f7800000)
  from space 61952K, 11% used [0x00000000fba80000,0x00000000fc1b4ce8,0x00000000ff700000)
  to   space 65024K, 0% used [0x00000000f7800000,0x00000000f7800000,0x00000000fb780000)
 ParOldGen       total 375296K, used 289375K [0x00000000a0000000, 0x00000000b6e80000, 0x00000000e0000000)
  object space 375296K, 77% used [0x00000000a0000000,0x00000000b1a97f00,0x00000000b6e80000)
 Metaspace       used 101472K, capacity 105616K, committed 106880K, reserved 1142784K
  class space    used 12971K, capacity 13816K, committed 14208K, reserved 1048576K
Event: 596.866 GC heap after
Heap after GC invocations=40 (full 5):
 PSYoungGen      total 450048K, used 11104K [0x00000000e0000000, 0x00000000ffc00000, 0x0000000100000000)
  eden space 385024K, 0% used [0x00000000e0000000,0x00000000e0000000,0x00000000f7800000)
  from space 65024K, 17% used [0x00000000f7800000,0x00000000f82d8060,0x00000000fb780000)
  to   space 61440K, 0% used [0x00000000fc000000,0x00000000fc000000,0x00000000ffc00000)
 ParOldGen       total 375296K, used 295551K [0x00000000a0000000, 0x00000000b6e80000, 0x00000000e0000000)
  object space 375296K, 78% used [0x00000000a0000000,0x00000000b209fc00,0x00000000b6e80000)
 Metaspace       used 101472K, capacity 105616K, committed 106880K, reserved 1142784K
  class space    used 12971K, capacity 13816K, committed 14208K, reserved 1048576K
}
Event: 598.349 GC heap before
{Heap before GC invocations=41 (full 5):
 PSYoungGen      total 450048K, used 396128K [0x00000000e0000000, 0x00000000ffc00000, 0x0000000100000000)
  eden space 385024K, 100% used [0x00000000e0000000,0x00000000f7800000,0x00000000f7800000)
  from space 65024K, 17% used [0x00000000f7800000,0x00000000f82d8060,0x00000000fb780000)
  to   space 61440K, 0% used [0x00000000fc000000,0x00000000fc000000,0x00000000ffc00000)
 ParOldGen       total 375296K, used 295551K [0x00000000a0000000, 0x00000000b6e80000, 0x00000000e0000000)
  object space 375296K, 78% used [0x00000000a0000000,0x00000000b209fc00,0x00000000b6e80000)
 Metaspace       used 101500K, capacity 105690K, committed 106880K, reserved 1142784K
  class space    used 12973K, capacity 13819K, committed 14208K, reserved 1048576K
Event: 598.430 GC heap after
Heap after GC invocations=41 (full 5):
 PSYoungGen      total 452608K, used 13077K [0x00000000e0000000, 0x00000000ff580000, 0x0000000100000000)
  eden space 397824K, 0% used [0x00000000e0000000,0x00000000e0000000,0x00000000f8480000)
  from space 54784K, 23% used [0x00000000fc000000,0x00000000fccc56e8,0x00000000ff580000)
  to   space 57856K, 0% used [0x00000000f8480000,0x00000000f8480000,0x00000000fbd00000)
 ParOldGen       total 375296K, used 304618K [0x00000000a0000000, 0x00000000b6e80000, 0x00000000e0000000)
  object space 375296K, 81% used [0x00000000a0000000,0x00000000b297aaa8,0x00000000b6e80000)
 Metaspace       used 101500K, capacity 105690K, committed 106880K, reserved 1142784K
  class space    used 12973K, capacity 13819K, committed 14208K, reserved 1048576K
}
Event: 600.256 GC heap before
{Heap before GC invocations=42 (full 5):
 PSYoungGen      total 452608K, used 410901K [0x00000000e0000000, 0x00000000ff580000, 0x0000000100000000)
  eden space 397824K, 100% used [0x00000000e0000000,0x00000000f8480000,0x00000000f8480000)
  from space 54784K, 23% used [0x00000000fc000000,0x00000000fccc56e8,0x00000000ff580000)
  to   space 57856K, 0% used [0x00000000f8480000,0x00000000f8480000,0x00000000fbd00000)
 ParOldGen       total 375296K, used 304618K [0x00000000a0000000, 0x00000000b6e80000, 0x00000000e0000000)
  object space 375296K, 81% used [0x00000000a0000000,0x00000000b297aaa8,0x00000000b6e80000)
 Metaspace       used 101518K, capacity 105754K, committed 106880K, reserved 1142784K
  class space    used 12974K, capacity 13819K, committed 14208K, reserved 1048576K
Event: 600.300 GC heap after
Heap after GC invocations=42 (full 5):
 PSYoungGen      total 455680K, used 11639K [0x00000000e0000000, 0x00000000ffd00000, 0x0000000100000000)
  eden space 397824K, 0% used [0x00000000e0000000,0x00000000e0000000,0x00000000f8480000)
  from space 57856K, 20% used [0x00000000f8480000,0x00000000f8fddc88,0x00000000fbd00000)
  to   space 54784K, 0% used [0x00000000fc780000,0x00000000fc780000,0x00000000ffd00000)
 ParOldGen       total 375296K, used 313489K [0x00000000a0000000, 0x00000000b6e80000, 0x00000000e0000000)
  object space 375296K, 83% used [0x00000000a0000000,0x00000000b3224510,0x00000000b6e80000)
 Metaspace       used 101518K, capacity 105754K, committed 106880K, reserved 1142784K
  class space    used 12974K, capacity 13819K, committed 14208K, reserved 1048576K
}

