# JRE version: OpenJDK Runtime Environment (8.0_202-b03) (build 1.8.0_202-release-1483-b03)
# Java VM: OpenJDK 64-Bit Server VM (25.202-b03 mixed mode windows-amd64 compressed oops)
Heap:
 PSYoungGen      total 399872K, used 26975K [0x00000000e0000000, 0x00000000fad80000, 0x0000000100000000)
  eden space 359936K, 0% used [0x00000000e0000000,0x00000000e0000000,0x00000000f5f80000)
  from space 39936K, 67% used [0x00000000f5f80000,0x00000000f79d7e38,0x00000000f8680000)
  to   space 38912K, 0% used [0x00000000f8780000,0x00000000f8780000,0x00000000fad80000)
 ParOldGen       total 171008K, used 151398K [0x00000000a0000000, 0x00000000aa700000, 0x00000000e0000000)
  object space 171008K, 88% used [0x00000000a0000000,0x00000000a93d9880,0x00000000aa700000)
 Metaspace       used 77739K, capacity 80796K, committed 81112K, reserved 1120256K
  class space    used 10223K, capacity 10862K, committed 10968K, reserved 1048576K
GC Heap History (10 events):
Event: 462.646 GC heap after
Heap after GC invocations=25 (full 4):
 PSYoungGen      total 252928K, used 33892K [0x00000000e0000000, 0x00000000f6480000, 0x0000000100000000)
  eden space 212992K, 0% used [0x00000000e0000000,0x00000000e0000000,0x00000000ed000000)
  from space 39936K, 84% used [0x00000000ed000000,0x00000000ef1192b8,0x00000000ef700000)
  to   space 44544K, 0% used [0x00000000f3900000,0x00000000f3900000,0x00000000f6480000)
 ParOldGen       total 171008K, used 99098K [0x00000000a0000000, 0x00000000aa700000, 0x00000000e0000000)
  object space 171008K, 57% used [0x00000000a0000000,0x00000000a60c68c8,0x00000000aa700000)
 Metaspace       used 76332K, capacity 79256K, committed 79448K, reserved 1118208K
  class space    used 10160K, capacity 10766K, committed 10840K, reserved 1048576K
}
Event: 465.758 GC heap before
{Heap before GC invocations=26 (full 4):
 PSYoungGen      total 252928K, used 246884K [0x00000000e0000000, 0x00000000f6480000, 0x0000000100000000)
  eden space 212992K, 100% used [0x00000000e0000000,0x00000000ed000000,0x00000000ed000000)
  from space 39936K, 84% used [0x00000000ed000000,0x00000000ef1192b8,0x00000000ef700000)
  to   space 44544K, 0% used [0x00000000f3900000,0x00000000f3900000,0x00000000f6480000)
 ParOldGen       total 171008K, used 99098K [0x00000000a0000000, 0x00000000aa700000, 0x00000000e0000000)
  object space 171008K, 57% used [0x00000000a0000000,0x00000000a60c68c8,0x00000000aa700000)
 Metaspace       used 76808K, capacity 79790K, committed 79960K, reserved 1118208K
  class space    used 10204K, capacity 10823K, committed 10840K, reserved 1048576K
Event: 465.865 GC heap after
Heap after GC invocations=26 (full 4):
 PSYoungGen      total 319488K, used 9537K [0x00000000e0000000, 0x00000000f6280000, 0x0000000100000000)
  eden space 276992K, 0% used [0x00000000e0000000,0x00000000e0000000,0x00000000f0e80000)
  from space 42496K, 22% used [0x00000000f3900000,0x00000000f42505e8,0x00000000f6280000)
  to   space 43008K, 0% used [0x00000000f0e80000,0x00000000f0e80000,0x00000000f3880000)
 ParOldGen       total 171008K, used 129873K [0x00000000a0000000, 0x00000000aa700000, 0x00000000e0000000)
  object space 171008K, 75% used [0x00000000a0000000,0x00000000a7ed47d0,0x00000000aa700000)
 Metaspace       used 76808K, capacity 79790K, committed 79960K, reserved 1118208K
  class space    used 10204K, capacity 10823K, committed 10840K, reserved 1048576K
}
Event: 468.061 GC heap before
{Heap before GC invocations=27 (full 4):
 PSYoungGen      total 319488K, used 286529K [0x00000000e0000000, 0x00000000f6280000, 0x0000000100000000)
  eden space 276992K, 100% used [0x00000000e0000000,0x00000000f0e80000,0x00000000f0e80000)
  from space 42496K, 22% used [0x00000000f3900000,0x00000000f42505e8,0x00000000f6280000)
  to   space 43008K, 0% used [0x00000000f0e80000,0x00000000f0e80000,0x00000000f3880000)
 ParOldGen       total 171008K, used 129873K [0x00000000a0000000, 0x00000000aa700000, 0x00000000e0000000)
  object space 171008K, 75% used [0x00000000a0000000,0x00000000a7ed47d0,0x00000000aa700000)
 Metaspace       used 77421K, capacity 80494K, committed 80856K, reserved 1120256K
  class space    used 10219K, capacity 10859K, committed 10968K, reserved 1048576K
Event: 468.112 GC heap after
Heap after GC invocations=27 (full 4):
 PSYoungGen      total 320000K, used 8580K [0x00000000e0000000, 0x00000000fb000000, 0x0000000100000000)
  eden space 276992K, 0% used [0x00000000e0000000,0x00000000e0000000,0x00000000f0e80000)
  from space 43008K, 19% used [0x00000000f0e80000,0x00000000f16e1160,0x00000000f3880000)
  to   space 41472K, 0% used [0x00000000f8780000,0x00000000f8780000,0x00000000fb000000)
 ParOldGen       total 171008K, used 137521K [0x00000000a0000000, 0x00000000aa700000, 0x00000000e0000000)
  object space 171008K, 80% used [0x00000000a0000000,0x00000000a864c6a8,0x00000000aa700000)
 Metaspace       used 77421K, capacity 80494K, committed 80856K, reserved 1120256K
  class space    used 10219K, capacity 10859K, committed 10968K, reserved 1048576K
}
Event: 470.161 GC heap before
{Heap before GC invocations=28 (full 4):
 PSYoungGen      total 320000K, used 285572K [0x00000000e0000000, 0x00000000fb000000, 0x0000000100000000)
  eden space 276992K, 100% used [0x00000000e0000000,0x00000000f0e80000,0x00000000f0e80000)
  from space 43008K, 19% used [0x00000000f0e80000,0x00000000f16e1160,0x00000000f3880000)
  to   space 41472K, 0% used [0x00000000f8780000,0x00000000f8780000,0x00000000fb000000)
 ParOldGen       total 171008K, used 137521K [0x00000000a0000000, 0x00000000aa700000, 0x00000000e0000000)
  object space 171008K, 80% used [0x00000000a0000000,0x00000000a864c6a8,0x00000000aa700000)
 Metaspace       used 77610K, capacity 80702K, committed 80856K, reserved 1120256K
  class space    used 10220K, capacity 10859K, committed 10968K, reserved 1048576K
Event: 470.222 GC heap after
Heap after GC invocations=28 (full 4):
 PSYoungGen      total 398848K, used 9784K [0x00000000e0000000, 0x00000000fad80000, 0x0000000100000000)
  eden space 359936K, 0% used [0x00000000e0000000,0x00000000e0000000,0x00000000f5f80000)
  from space 38912K, 25% used [0x00000000f8780000,0x00000000f910e0e8,0x00000000fad80000)
  to   space 39936K, 0% used [0x00000000f5f80000,0x00000000f5f80000,0x00000000f8680000)
 ParOldGen       total 171008K, used 144161K [0x00000000a0000000, 0x00000000aa700000, 0x00000000e0000000)
  object space 171008K, 84% used [0x00000000a0000000,0x00000000a8cc86b8,0x00000000aa700000)
 Metaspace       used 77610K, capacity 80702K, committed 80856K, reserved 1120256K
  class space    used 10220K, capacity 10859K, committed 10968K, reserved 1048576K
}
Event: 472.734 GC heap before
{Heap before GC invocations=29 (full 4):
 PSYoungGen      total 398848K, used 369720K [0x00000000e0000000, 0x00000000fad80000, 0x0000000100000000)
  eden space 359936K, 100% used [0x00000000e0000000,0x00000000f5f80000,0x00000000f5f80000)
  from space 38912K, 25% used [0x00000000f8780000,0x00000000f910e0e8,0x00000000fad80000)
  to   space 39936K, 0% used [0x00000000f5f80000,0x00000000f5f80000,0x00000000f8680000)
 ParOldGen       total 171008K, used 144161K [0x00000000a0000000, 0x00000000aa700000, 0x00000000e0000000)
  object space 171008K, 84% used [0x00000000a0000000,0x00000000a8cc86b8,0x00000000aa700000)
 Metaspace       used 77739K, capacity 80796K, committed 81112K, reserved 1120256K
  class space    used 10223K, capacity 10862K, committed 10968K, reserved 1048576K
Event: 472.848 GC heap after
Heap after GC invocations=29 (full 4):
 PSYoungGen      total 399872K, used 26975K [0x00000000e0000000, 0x00000000fad80000, 0x0000000100000000)
  eden space 359936K, 0% used [0x00000000e0000000,0x00000000e0000000,0x00000000f5f80000)
  from space 39936K, 67% used [0x00000000f5f80000,0x00000000f79d7e38,0x00000000f8680000)
  to   space 38912K, 0% used [0x00000000f8780000,0x00000000f8780000,0x00000000fad80000)
 ParOldGen       total 171008K, used 151398K [0x00000000a0000000, 0x00000000aa700000, 0x00000000e0000000)
  object space 171008K, 88% used [0x00000000a0000000,0x00000000a93d9880,0x00000000aa700000)
 Metaspace       used 77739K, capacity 80796K, committed 81112K, reserved 1120256K
  class space    used 10223K, capacity 10862K, committed 10968K, reserved 1048576K
}
Event: 472.848 GC heap before
{Heap before GC invocations=30 (full 5):
 PSYoungGen      total 399872K, used 26975K [0x00000000e0000000, 0x00000000fad80000, 0x0000000100000000)
  eden space 359936K, 0% used [0x00000000e0000000,0x00000000e0000000,0x00000000f5f80000)
  from space 39936K, 67% used [0x00000000f5f80000,0x00000000f79d7e38,0x00000000f8680000)
  to   space 38912K, 0% used [0x00000000f8780000,0x00000000f8780000,0x00000000fad80000)
 ParOldGen       total 171008K, used 151398K [0x00000000a0000000, 0x00000000aa700000, 0x00000000e0000000)
  object space 171008K, 88% used [0x00000000a0000000,0x00000000a93d9880,0x00000000aa700000)
 Metaspace       used 77739K, capacity 80796K, committed 81112K, reserved 1120256K
  class space    used 10223K, capacity 10862K, committed 10968K, reserved 1048576K

