# JRE version: OpenJDK Runtime Environment (8.0_202-b03) (build 1.8.0_202-release-1483-b03)
# Java VM: OpenJDK 64-Bit Server VM (25.202-b03 mixed mode windows-amd64 compressed oops)
Heap:
 PSYoungGen      total 406528K, used 204075K [0x00000000e0000000, 0x00000000fca00000, 0x0000000100000000)
  eden space 348672K, 53% used [0x00000000e0000000,0x00000000eb70c750,0x00000000f5480000)
  from space 57856K, 28% used [0x00000000f5480000,0x00000000f64be568,0x00000000f8d00000)
  to   space 59392K, 0% used [0x00000000f8d00000,0x00000000f8d00000,0x00000000fc700000)
 ParOldGen       total 348160K, used 193534K [0x00000000a0000000, 0x00000000b5400000, 0x00000000e0000000)
  object space 348160K, 55% used [0x00000000a0000000,0x00000000abcff928,0x00000000b5400000)
 Metaspace       used 73914K, capacity 76752K, committed 76928K, reserved 1116160K
  class space    used 9956K, capacity 10524K, committed 10624K, reserved 1048576K
GC Heap History (10 events):
Event: 89.726 GC heap before
{Heap before GC invocations=25 (full 4):
 PSYoungGen      total 294400K, used 247175K [0x00000000e0000000, 0x00000000f6f00000, 0x0000000100000000)
  eden space 241664K, 100% used [0x00000000e0000000,0x00000000eec00000,0x00000000eec00000)
  from space 52736K, 10% used [0x00000000f3b80000,0x00000000f40e1ca8,0x00000000f6f00000)
  to   space 67072K, 0% used [0x00000000eec00000,0x00000000eec00000,0x00000000f2d80000)
 ParOldGen       total 348160K, used 157382K [0x00000000a0000000, 0x00000000b5400000, 0x00000000e0000000)
  object space 348160K, 45% used [0x00000000a0000000,0x00000000a99b1a58,0x00000000b5400000)
 Metaspace       used 72622K, capacity 75144K, committed 75776K, reserved 1114112K
  class space    used 9805K, capacity 10372K, committed 10496K, reserved 1048576K
Event: 90.023 GC heap after
Heap after GC invocations=25 (full 4):
 PSYoungGen      total 308736K, used 8993K [0x00000000e0000000, 0x00000000f9c00000, 0x0000000100000000)
  eden space 241664K, 0% used [0x00000000e0000000,0x00000000e0000000,0x00000000eec00000)
  from space 67072K, 13% used [0x00000000eec00000,0x00000000ef4c84f0,0x00000000f2d80000)
  to   space 65024K, 0% used [0x00000000f5c80000,0x00000000f5c80000,0x00000000f9c00000)
 ParOldGen       total 348160K, used 162141K [0x00000000a0000000, 0x00000000b5400000, 0x00000000e0000000)
  object space 348160K, 46% used [0x00000000a0000000,0x00000000a9e57538,0x00000000b5400000)
 Metaspace       used 72622K, capacity 75144K, committed 75776K, reserved 1114112K
  class space    used 9805K, capacity 10372K, committed 10496K, reserved 1048576K
}
Event: 95.027 GC heap before
{Heap before GC invocations=26 (full 4):
 PSYoungGen      total 308736K, used 250657K [0x00000000e0000000, 0x00000000f9c00000, 0x0000000100000000)
  eden space 241664K, 100% used [0x00000000e0000000,0x00000000eec00000,0x00000000eec00000)
  from space 67072K, 13% used [0x00000000eec00000,0x00000000ef4c84f0,0x00000000f2d80000)
  to   space 65024K, 0% used [0x00000000f5c80000,0x00000000f5c80000,0x00000000f9c00000)
 ParOldGen       total 348160K, used 162141K [0x00000000a0000000, 0x00000000b5400000, 0x00000000e0000000)
  object space 348160K, 46% used [0x00000000a0000000,0x00000000a9e57538,0x00000000b5400000)
 Metaspace       used 73617K, capacity 76430K, committed 76672K, reserved 1116160K
  class space    used 9940K, capacity 10515K, committed 10624K, reserved 1048576K
Event: 95.258 GC heap after
Heap after GC invocations=26 (full 4):
 PSYoungGen      total 349696K, used 7730K [0x00000000e0000000, 0x00000000f9680000, 0x0000000100000000)
  eden space 290304K, 0% used [0x00000000e0000000,0x00000000e0000000,0x00000000f1b80000)
  from space 59392K, 13% used [0x00000000f5c80000,0x00000000f640c970,0x00000000f9680000)
  to   space 62976K, 0% used [0x00000000f1b80000,0x00000000f1b80000,0x00000000f5900000)
 ParOldGen       total 348160K, used 167809K [0x00000000a0000000, 0x00000000b5400000, 0x00000000e0000000)
  object space 348160K, 48% used [0x00000000a0000000,0x00000000aa3e0718,0x00000000b5400000)
 Metaspace       used 73617K, capacity 76430K, committed 76672K, reserved 1116160K
  class space    used 9940K, capacity 10515K, committed 10624K, reserved 1048576K
}
Event: 101.825 GC heap before
{Heap before GC invocations=27 (full 4):
 PSYoungGen      total 349696K, used 298034K [0x00000000e0000000, 0x00000000f9680000, 0x0000000100000000)
  eden space 290304K, 100% used [0x00000000e0000000,0x00000000f1b80000,0x00000000f1b80000)
  from space 59392K, 13% used [0x00000000f5c80000,0x00000000f640c970,0x00000000f9680000)
  to   space 62976K, 0% used [0x00000000f1b80000,0x00000000f1b80000,0x00000000f5900000)
 ParOldGen       total 348160K, used 167809K [0x00000000a0000000, 0x00000000b5400000, 0x00000000e0000000)
  object space 348160K, 48% used [0x00000000a0000000,0x00000000aa3e0718,0x00000000b5400000)
 Metaspace       used 73687K, capacity 76500K, committed 76672K, reserved 1116160K
  class space    used 9952K, capacity 10516K, committed 10624K, reserved 1048576K
Event: 102.153 GC heap after
Heap after GC invocations=27 (full 4):
 PSYoungGen      total 353280K, used 14950K [0x00000000e0000000, 0x00000000fc700000, 0x0000000100000000)
  eden space 290304K, 0% used [0x00000000e0000000,0x00000000e0000000,0x00000000f1b80000)
  from space 62976K, 23% used [0x00000000f1b80000,0x00000000f2a19b88,0x00000000f5900000)
  to   space 59392K, 0% used [0x00000000f8d00000,0x00000000f8d00000,0x00000000fc700000)
 ParOldGen       total 348160K, used 174397K [0x00000000a0000000, 0x00000000b5400000, 0x00000000e0000000)
  object space 348160K, 50% used [0x00000000a0000000,0x00000000aaa4f708,0x00000000b5400000)
 Metaspace       used 73687K, capacity 76500K, committed 76672K, reserved 1116160K
  class space    used 9952K, capacity 10516K, committed 10624K, reserved 1048576K
}
Event: 106.128 GC heap before
{Heap before GC invocations=28 (full 4):
 PSYoungGen      total 353280K, used 305254K [0x00000000e0000000, 0x00000000fc700000, 0x0000000100000000)
  eden space 290304K, 100% used [0x00000000e0000000,0x00000000f1b80000,0x00000000f1b80000)
  from space 62976K, 23% used [0x00000000f1b80000,0x00000000f2a19b88,0x00000000f5900000)
  to   space 59392K, 0% used [0x00000000f8d00000,0x00000000f8d00000,0x00000000fc700000)
 ParOldGen       total 348160K, used 174397K [0x00000000a0000000, 0x00000000b5400000, 0x00000000e0000000)
  object space 348160K, 50% used [0x00000000a0000000,0x00000000aaa4f708,0x00000000b5400000)
 Metaspace       used 73723K, capacity 76576K, committed 76928K, reserved 1116160K
  class space    used 9953K, capacity 10518K, committed 10624K, reserved 1048576K
Event: 106.582 GC heap after
Heap after GC invocations=28 (full 4):
 PSYoungGen      total 408064K, used 6281K [0x00000000e0000000, 0x00000000fca00000, 0x0000000100000000)
  eden space 348672K, 0% used [0x00000000e0000000,0x00000000e0000000,0x00000000f5480000)
  from space 59392K, 10% used [0x00000000f8d00000,0x00000000f9322478,0x00000000fc700000)
  to   space 57856K, 0% used [0x00000000f5480000,0x00000000f5480000,0x00000000f8d00000)
 ParOldGen       total 348160K, used 188437K [0x00000000a0000000, 0x00000000b5400000, 0x00000000e0000000)
  object space 348160K, 54% used [0x00000000a0000000,0x00000000ab8055f8,0x00000000b5400000)
 Metaspace       used 73723K, capacity 76576K, committed 76928K, reserved 1116160K
  class space    used 9953K, capacity 10518K, committed 10624K, reserved 1048576K
}
Event: 111.995 GC heap before
{Heap before GC invocations=29 (full 4):
 PSYoungGen      total 408064K, used 354953K [0x00000000e0000000, 0x00000000fca00000, 0x0000000100000000)
  eden space 348672K, 100% used [0x00000000e0000000,0x00000000f5480000,0x00000000f5480000)
  from space 59392K, 10% used [0x00000000f8d00000,0x00000000f9322478,0x00000000fc700000)
  to   space 57856K, 0% used [0x00000000f5480000,0x00000000f5480000,0x00000000f8d00000)
 ParOldGen       total 348160K, used 188437K [0x00000000a0000000, 0x00000000b5400000, 0x00000000e0000000)
  object space 348160K, 54% used [0x00000000a0000000,0x00000000ab8055f8,0x00000000b5400000)
 Metaspace       used 73773K, capacity 76580K, committed 76928K, reserved 1116160K
  class space    used 9953K, capacity 10518K, committed 10624K, reserved 1048576K
Event: 112.091 GC heap after
Heap after GC invocations=29 (full 4):
 PSYoungGen      total 406528K, used 16633K [0x00000000e0000000, 0x00000000fca00000, 0x0000000100000000)
  eden space 348672K, 0% used [0x00000000e0000000,0x00000000e0000000,0x00000000f5480000)
  from space 57856K, 28% used [0x00000000f5480000,0x00000000f64be568,0x00000000f8d00000)
  to   space 59392K, 0% used [0x00000000f8d00000,0x00000000f8d00000,0x00000000fc700000)
 ParOldGen       total 348160K, used 193534K [0x00000000a0000000, 0x00000000b5400000, 0x00000000e0000000)
  object space 348160K, 55% used [0x00000000a0000000,0x00000000abcff928,0x00000000b5400000)
 Metaspace       used 73773K, capacity 76580K, committed 76928K, reserved 1116160K
  class space    used 9953K, capacity 10518K, committed 10624K, reserved 1048576K
}

